0 info it worked if it ends with ok
1 verbose cli [ 'C:\\Users\\Mariama\\AppData\\Local\\.meteor\\packages\\meteor-tool\\1.4.1_1\\mt-os.windows.x86_32\\dev_bundle\\bin\\node.exe',
1 verbose cli   'C:\\Users\\Mariama\\AppData\\Local\\.meteor\\packages\\meteor-tool\\1.4.1_1\\mt-os.windows.x86_32\\dev_bundle\\lib\\node_modules\\npm\\bin\\npm-cli.js',
1 verbose cli   'install',
1 verbose cli   '--save',
1 verbose cli   'bcrypt' ]
2 info using npm@3.10.6
3 info using node@v4.5.0
4 silly loadCurrentTree Starting
5 silly install loadCurrentTree
6 silly install readLocalPackageData
7 silly fetchPackageMetaData bcrypt
8 silly fetchNamedPackageData bcrypt
9 silly mapToRegistry name bcrypt
10 silly mapToRegistry using default registry
11 silly mapToRegistry registry https://registry.npmjs.org/
12 silly mapToRegistry data Result {
12 silly mapToRegistry   raw: 'bcrypt',
12 silly mapToRegistry   scope: null,
12 silly mapToRegistry   escapedName: 'bcrypt',
12 silly mapToRegistry   name: 'bcrypt',
12 silly mapToRegistry   rawSpec: '',
12 silly mapToRegistry   spec: 'latest',
12 silly mapToRegistry   type: 'tag' }
13 silly mapToRegistry uri https://registry.npmjs.org/bcrypt
14 verbose request uri https://registry.npmjs.org/bcrypt
15 verbose request no auth needed
16 info attempt registry request try #1 at 21:26:23
17 verbose request id 44322d45d24ec78b
18 verbose etag "398F192FUE7FBCG521B59OFYJ"
19 http request GET https://registry.npmjs.org/bcrypt
20 http 304 https://registry.npmjs.org/bcrypt
21 verbose headers { date: 'Mon, 12 Sep 2016 00:26:24 GMT',
21 verbose headers   via: '1.1 varnish',
21 verbose headers   'cache-control': 'max-age=300',
21 verbose headers   etag: '"398F192FUE7FBCG521B59OFYJ"',
21 verbose headers   age: '0',
21 verbose headers   connection: 'keep-alive',
21 verbose headers   'x-served-by': 'cache-gru7120-GRU',
21 verbose headers   'x-cache': 'HIT',
21 verbose headers   'x-cache-hits': '1',
21 verbose headers   'x-timer': 'S1473639984.990012,VS0,VE781',
21 verbose headers   vary: 'Accept-Encoding' }
22 silly get cb [ 304,
22 silly get   { date: 'Mon, 12 Sep 2016 00:26:24 GMT',
22 silly get     via: '1.1 varnish',
22 silly get     'cache-control': 'max-age=300',
22 silly get     etag: '"398F192FUE7FBCG521B59OFYJ"',
22 silly get     age: '0',
22 silly get     connection: 'keep-alive',
22 silly get     'x-served-by': 'cache-gru7120-GRU',
22 silly get     'x-cache': 'HIT',
22 silly get     'x-cache-hits': '1',
22 silly get     'x-timer': 'S1473639984.990012,VS0,VE781',
22 silly get     vary: 'Accept-Encoding' } ]
23 verbose etag https://registry.npmjs.org/bcrypt from cache
24 verbose get saving bcrypt to C:\Users\Mariama\AppData\Roaming\npm-cache\registry.npmjs.org\bcrypt\.cache.json
25 verbose correctMkdir C:\Users\Mariama\AppData\Roaming\npm-cache correctMkdir not in flight; initializing
26 silly install normalizeTree
27 silly loadCurrentTree Finishing
28 silly loadIdealTree Starting
29 silly install loadIdealTree
30 silly cloneCurrentTree Starting
31 silly install cloneCurrentTreeToIdealTree
32 silly cloneCurrentTree Finishing
33 silly loadShrinkwrap Starting
34 silly install loadShrinkwrap
35 silly loadShrinkwrap Finishing
36 silly loadAllDepsIntoIdealTree Starting
37 silly install loadAllDepsIntoIdealTree
38 silly resolveWithNewModule bcrypt@0.8.7 checking installable status
39 silly cache add args [ 'bcrypt', null ]
40 verbose cache add spec bcrypt
41 silly cache add parsed spec Result {
41 silly cache add   raw: 'bcrypt',
41 silly cache add   scope: null,
41 silly cache add   escapedName: 'bcrypt',
41 silly cache add   name: 'bcrypt',
41 silly cache add   rawSpec: '',
41 silly cache add   spec: 'latest',
41 silly cache add   type: 'tag' }
42 silly addNamed bcrypt@latest
43 verbose addNamed "latest" is being treated as a dist-tag for bcrypt
44 info addNameTag [ 'bcrypt', 'latest' ]
45 silly mapToRegistry name bcrypt
46 silly mapToRegistry using default registry
47 silly mapToRegistry registry https://registry.npmjs.org/
48 silly mapToRegistry data Result {
48 silly mapToRegistry   raw: 'bcrypt',
48 silly mapToRegistry   scope: null,
48 silly mapToRegistry   escapedName: 'bcrypt',
48 silly mapToRegistry   name: 'bcrypt',
48 silly mapToRegistry   rawSpec: '',
48 silly mapToRegistry   spec: 'latest',
48 silly mapToRegistry   type: 'tag' }
49 silly mapToRegistry uri https://registry.npmjs.org/bcrypt
50 verbose addNameTag registry:https://registry.npmjs.org/bcrypt not in flight; fetching
51 verbose get https://registry.npmjs.org/bcrypt not expired, no request
52 silly addNameTag next cb for bcrypt with tag latest
53 silly addNamed bcrypt@0.8.7
54 verbose addNamed "0.8.7" is a plain semver version for bcrypt
55 silly cache afterAdd bcrypt@0.8.7
56 verbose afterAdd C:\Users\Mariama\AppData\Roaming\npm-cache\bcrypt\0.8.7\package\package.json not in flight; writing
57 verbose correctMkdir C:\Users\Mariama\AppData\Roaming\npm-cache correctMkdir not in flight; initializing
58 verbose afterAdd C:\Users\Mariama\AppData\Roaming\npm-cache\bcrypt\0.8.7\package\package.json written
59 silly fetchNamedPackageData nan
60 silly mapToRegistry name nan
61 silly mapToRegistry using default registry
62 silly mapToRegistry registry https://registry.npmjs.org/
63 silly mapToRegistry data Result {
63 silly mapToRegistry   raw: 'nan',
63 silly mapToRegistry   scope: null,
63 silly mapToRegistry   escapedName: 'nan',
63 silly mapToRegistry   name: 'nan',
63 silly mapToRegistry   rawSpec: '',
63 silly mapToRegistry   spec: 'latest',
63 silly mapToRegistry   type: 'tag' }
64 silly mapToRegistry uri https://registry.npmjs.org/nan
65 verbose request uri https://registry.npmjs.org/nan
66 verbose request no auth needed
67 info attempt registry request try #1 at 21:26:25
68 verbose etag "1OOZJAUMBQC59OINHZGMRRCSL"
69 http request GET https://registry.npmjs.org/nan
70 http 304 https://registry.npmjs.org/nan
71 verbose headers { date: 'Mon, 12 Sep 2016 00:26:26 GMT',
71 verbose headers   via: '1.1 varnish',
71 verbose headers   'cache-control': 'max-age=300',
71 verbose headers   etag: '"1OOZJAUMBQC59OINHZGMRRCSL"',
71 verbose headers   age: '20',
71 verbose headers   connection: 'keep-alive',
71 verbose headers   'x-served-by': 'cache-gru7120-GRU',
71 verbose headers   'x-cache': 'HIT',
71 verbose headers   'x-cache-hits': '1',
71 verbose headers   'x-timer': 'S1473639986.672057,VS0,VE0',
71 verbose headers   vary: 'Accept-Encoding' }
72 silly get cb [ 304,
72 silly get   { date: 'Mon, 12 Sep 2016 00:26:26 GMT',
72 silly get     via: '1.1 varnish',
72 silly get     'cache-control': 'max-age=300',
72 silly get     etag: '"1OOZJAUMBQC59OINHZGMRRCSL"',
72 silly get     age: '20',
72 silly get     connection: 'keep-alive',
72 silly get     'x-served-by': 'cache-gru7120-GRU',
72 silly get     'x-cache': 'HIT',
72 silly get     'x-cache-hits': '1',
72 silly get     'x-timer': 'S1473639986.672057,VS0,VE0',
72 silly get     vary: 'Accept-Encoding' } ]
73 verbose etag https://registry.npmjs.org/nan from cache
74 verbose get saving nan to C:\Users\Mariama\AppData\Roaming\npm-cache\registry.npmjs.org\nan\.cache.json
75 verbose correctMkdir C:\Users\Mariama\AppData\Roaming\npm-cache correctMkdir not in flight; initializing
76 silly resolveWithNewModule nan@2.3.5 checking installable status
77 silly cache add args [ 'nan@2.3.5', null ]
78 verbose cache add spec nan@2.3.5
79 silly cache add parsed spec Result {
79 silly cache add   raw: 'nan@2.3.5',
79 silly cache add   scope: null,
79 silly cache add   escapedName: 'nan',
79 silly cache add   name: 'nan',
79 silly cache add   rawSpec: '2.3.5',
79 silly cache add   spec: '2.3.5',
79 silly cache add   type: 'version' }
80 silly addNamed nan@2.3.5
81 verbose addNamed "2.3.5" is a plain semver version for nan
82 silly mapToRegistry name nan
83 silly mapToRegistry using default registry
84 silly mapToRegistry registry https://registry.npmjs.org/
85 silly mapToRegistry data Result {
85 silly mapToRegistry   raw: 'nan',
85 silly mapToRegistry   scope: null,
85 silly mapToRegistry   escapedName: 'nan',
85 silly mapToRegistry   name: 'nan',
85 silly mapToRegistry   rawSpec: '',
85 silly mapToRegistry   spec: 'latest',
85 silly mapToRegistry   type: 'tag' }
86 silly mapToRegistry uri https://registry.npmjs.org/nan
87 verbose addNameVersion registry:https://registry.npmjs.org/nan not in flight; fetching
88 verbose get https://registry.npmjs.org/nan not expired, no request
89 silly cache afterAdd nan@2.3.5
90 verbose afterAdd C:\Users\Mariama\AppData\Roaming\npm-cache\nan\2.3.5\package\package.json not in flight; writing
91 verbose correctMkdir C:\Users\Mariama\AppData\Roaming\npm-cache correctMkdir not in flight; initializing
92 verbose afterAdd C:\Users\Mariama\AppData\Roaming\npm-cache\nan\2.3.5\package\package.json written
93 silly loadAllDepsIntoIdealTree Finishing
94 silly loadIdealTree Finishing
95 silly currentTree myAutomation@
95 silly currentTree +-- arr-diff@2.0.0
95 silly currentTree +-- arr-flatten@1.0.1
95 silly currentTree +-- array-unique@0.2.1
95 silly currentTree +-- balanced-match@0.4.2
95 silly currentTree +-- bindings@1.2.1
95 silly currentTree +-- bl@0.9.5
95 silly currentTree +-- brace-expansion@1.1.6
95 silly currentTree +-- braces@1.8.5
95 silly currentTree +-- buffer-shims@1.0.0
95 silly currentTree +-- callback-stream@1.1.0
95 silly currentTree +-- commist@1.0.0
95 silly currentTree +-- concat-map@0.0.1
95 silly currentTree +-- concat-stream@1.5.2
95 silly currentTree | `-- readable-stream@2.0.6
95 silly currentTree +-- core-util-is@1.0.2
95 silly currentTree +-- duplexify@3.4.5
95 silly currentTree | +-- end-of-stream@1.0.0
95 silly currentTree | `-- readable-stream@2.1.5
95 silly currentTree +-- end-of-stream@1.1.0
95 silly currentTree +-- expand-brackets@0.1.5
95 silly currentTree +-- expand-range@1.8.2
95 silly currentTree +-- extend-shallow@2.0.1
95 silly currentTree +-- extend@3.0.0
95 silly currentTree +-- extglob@0.3.2
95 silly currentTree | `-- is-extglob@1.0.0
95 silly currentTree +-- filename-regex@2.0.0
95 silly currentTree +-- fill-range@2.2.3
95 silly currentTree +-- for-in@0.1.5
95 silly currentTree +-- for-own@0.1.4
95 silly currentTree +-- glob-base@0.3.0
95 silly currentTree | +-- glob-parent@2.0.0
95 silly currentTree | +-- is-extglob@1.0.0
95 silly currentTree | `-- is-glob@2.0.1
95 silly currentTree +-- glob-parent@3.0.0
95 silly currentTree +-- glob-stream@5.3.5
95 silly currentTree | `-- through2@0.6.5
95 silly currentTree +-- glob@5.0.15
95 silly currentTree +-- help-me@1.0.1
95 silly currentTree +-- inflight@1.0.5
95 silly currentTree +-- inherits@2.0.3
95 silly currentTree +-- is-buffer@1.1.4
95 silly currentTree +-- is-dotfile@1.0.2
95 silly currentTree +-- is-equal-shallow@0.1.3
95 silly currentTree +-- is-extendable@0.1.1
95 silly currentTree +-- is-extglob@2.0.0
95 silly currentTree +-- is-glob@3.0.0
95 silly currentTree +-- is-number@2.1.0
95 silly currentTree +-- is-posix-bracket@0.1.1
95 silly currentTree +-- is-primitive@2.0.0
95 silly currentTree +-- is-stream@1.1.0
95 silly currentTree +-- isarray@1.0.0
95 silly currentTree +-- isobject@2.1.0
95 silly currentTree +-- json-stable-stringify@1.0.1
95 silly currentTree +-- jsonify@0.0.0
95 silly currentTree +-- kind-of@3.0.4
95 silly currentTree +-- leven@1.0.2
95 silly currentTree +-- meteor-node-stubs@0.2.3
95 silly currentTree | +-- assert@1.3.0
95 silly currentTree | +-- browserify-zlib@0.1.4
95 silly currentTree | | `-- pako@0.2.8
95 silly currentTree | +-- buffer@4.5.1
95 silly currentTree | | +-- base64-js@1.1.2
95 silly currentTree | | +-- ieee754@1.1.6
95 silly currentTree | | `-- isarray@1.0.0
95 silly currentTree | +-- console-browserify@1.1.0
95 silly currentTree | | `-- date-now@0.1.4
95 silly currentTree | +-- constants-browserify@1.0.0
95 silly currentTree | +-- crypto-browserify@3.11.0
95 silly currentTree | | +-- browserify-cipher@1.0.0
95 silly currentTree | | | +-- browserify-aes@1.0.6
95 silly currentTree | | | | +-- buffer-xor@1.0.3
95 silly currentTree | | | | `-- cipher-base@1.0.2
95 silly currentTree | | | +-- browserify-des@1.0.0
95 silly currentTree | | | | +-- cipher-base@1.0.2
95 silly currentTree | | | | `-- des.js@1.0.0
95 silly currentTree | | | |   `-- minimalistic-assert@1.0.0
95 silly currentTree | | | `-- evp_bytestokey@1.0.0
95 silly currentTree | | +-- browserify-sign@4.0.0
95 silly currentTree | | | +-- bn.js@4.11.1
95 silly currentTree | | | +-- browserify-rsa@4.0.1
95 silly currentTree | | | +-- elliptic@6.2.3
95 silly currentTree | | | | +-- brorand@1.0.5
95 silly currentTree | | | | `-- hash.js@1.0.3
95 silly currentTree | | | `-- parse-asn1@5.0.0
95 silly currentTree | | |   +-- asn1.js@4.5.2
95 silly currentTree | | |   | `-- minimalistic-assert@1.0.0
95 silly currentTree | | |   +-- browserify-aes@1.0.6
95 silly currentTree | | |   | +-- buffer-xor@1.0.3
95 silly currentTree | | |   | `-- cipher-base@1.0.2
95 silly currentTree | | |   `-- evp_bytestokey@1.0.0
95 silly currentTree | | +-- create-ecdh@4.0.0
95 silly currentTree | | | +-- bn.js@4.11.1
95 silly currentTree | | | `-- elliptic@6.2.3
95 silly currentTree | | |   +-- brorand@1.0.5
95 silly currentTree | | |   `-- hash.js@1.0.3
95 silly currentTree | | +-- create-hash@1.1.2
95 silly currentTree | | | +-- cipher-base@1.0.2
95 silly currentTree | | | +-- ripemd160@1.0.1
95 silly currentTree | | | `-- sha.js@2.4.5
95 silly currentTree | | +-- create-hmac@1.1.4
95 silly currentTree | | +-- diffie-hellman@5.0.2
95 silly currentTree | | | +-- bn.js@4.11.1
95 silly currentTree | | | `-- miller-rabin@4.0.0
95 silly currentTree | | |   `-- brorand@1.0.5
95 silly currentTree | | +-- inherits@2.0.1
95 silly currentTree | | +-- pbkdf2@3.0.4
95 silly currentTree | | +-- public-encrypt@4.0.0
95 silly currentTree | | | +-- bn.js@4.11.1
95 silly currentTree | | | +-- browserify-rsa@4.0.1
95 silly currentTree | | | `-- parse-asn1@5.0.0
95 silly currentTree | | |   +-- asn1.js@4.5.2
95 silly currentTree | | |   | `-- minimalistic-assert@1.0.0
95 silly currentTree | | |   +-- browserify-aes@1.0.6
95 silly currentTree | | |   | +-- buffer-xor@1.0.3
95 silly currentTree | | |   | `-- cipher-base@1.0.2
95 silly currentTree | | |   `-- evp_bytestokey@1.0.0
95 silly currentTree | | `-- randombytes@2.0.3
95 silly currentTree | +-- domain-browser@1.1.7
95 silly currentTree | +-- events@1.1.0
95 silly currentTree | +-- http-browserify@1.7.0
95 silly currentTree | | +-- Base64@0.2.1
95 silly currentTree | | `-- inherits@2.0.1
95 silly currentTree | +-- https-browserify@0.0.1
95 silly currentTree | +-- os-browserify@0.2.1
95 silly currentTree | +-- path-browserify@0.0.0
95 silly currentTree | +-- process@0.11.2
95 silly currentTree | +-- punycode@1.4.1
95 silly currentTree | +-- querystring-es3@0.2.1
95 silly currentTree | +-- readable-stream@2.0.6
95 silly currentTree | | +-- core-util-is@1.0.2
95 silly currentTree | | +-- inherits@2.0.1
95 silly currentTree | | +-- isarray@1.0.0
95 silly currentTree | | +-- process-nextick-args@1.0.6
95 silly currentTree | | `-- util-deprecate@1.0.2
95 silly currentTree | +-- stream-browserify@2.0.1
95 silly currentTree | | `-- inherits@2.0.1
95 silly currentTree | +-- string_decoder@0.10.31
95 silly currentTree | +-- timers-browserify@1.4.2
95 silly currentTree | +-- tty-browserify@0.0.0
95 silly currentTree | +-- url@0.11.0
95 silly currentTree | | +-- punycode@1.3.2
95 silly currentTree | | `-- querystring@0.2.0
95 silly currentTree | +-- util@0.10.3
95 silly currentTree | | `-- inherits@2.0.1
95 silly currentTree | `-- vm-browserify@0.0.4
95 silly currentTree |   `-- indexof@0.0.1
95 silly currentTree +-- micromatch@2.3.11
95 silly currentTree | +-- is-extglob@1.0.0
95 silly currentTree | `-- is-glob@2.0.1
95 silly currentTree +-- minimatch@3.0.3
95 silly currentTree +-- minimist@1.2.0
95 silly currentTree +-- moment@2.14.1
95 silly currentTree +-- mqtt-connection@2.1.1
95 silly currentTree | `-- through2@0.6.5
95 silly currentTree +-- mqtt-packet@3.4.7
95 silly currentTree +-- mqtt@1.14.1
95 silly currentTree +-- nan@2.4.0
95 silly currentTree +-- normalize-path@2.0.1
95 silly currentTree +-- object.omit@2.0.0
95 silly currentTree +-- once@1.3.3
95 silly currentTree +-- options@0.0.6
95 silly currentTree +-- ordered-read-streams@0.3.0
95 silly currentTree | `-- readable-stream@2.1.5
95 silly currentTree +-- parse-glob@3.0.4
95 silly currentTree | +-- is-extglob@1.0.0
95 silly currentTree | `-- is-glob@2.0.1
95 silly currentTree +-- path-is-absolute@1.0.0
95 silly currentTree +-- preserve@0.2.0
95 silly currentTree +-- process-nextick-args@1.0.7
95 silly currentTree +-- pump@1.0.1
95 silly currentTree +-- randomatic@1.1.5
95 silly currentTree +-- readable-stream@1.0.34
95 silly currentTree | `-- isarray@0.0.1
95 silly currentTree +-- reduplexer@1.1.0
95 silly currentTree +-- regex-cache@0.4.3
95 silly currentTree +-- reinterval@1.1.0
95 silly currentTree +-- repeat-element@1.1.2
95 silly currentTree +-- repeat-string@1.5.4
95 silly currentTree +-- split2@2.1.0
95 silly currentTree +-- stream-shift@1.0.0
95 silly currentTree +-- string_decoder@0.10.31
95 silly currentTree +-- through2-filter@2.0.0
95 silly currentTree +-- through2@2.0.1
95 silly currentTree | `-- readable-stream@2.0.6
95 silly currentTree +-- to-absolute-glob@0.1.1
95 silly currentTree +-- typedarray@0.0.6
95 silly currentTree +-- ultron@1.0.2
95 silly currentTree +-- unique-stream@2.2.1
95 silly currentTree +-- utf-8-validate@1.2.1
95 silly currentTree +-- util-deprecate@1.0.2
95 silly currentTree +-- websocket-stream@3.3.0
95 silly currentTree +-- wrappy@1.0.2
95 silly currentTree +-- ws@1.1.1
95 silly currentTree `-- xtend@4.0.1
96 silly idealTree myAutomation@
96 silly idealTree +-- arr-diff@2.0.0
96 silly idealTree +-- arr-flatten@1.0.1
96 silly idealTree +-- array-unique@0.2.1
96 silly idealTree +-- balanced-match@0.4.2
96 silly idealTree +-- bcrypt@0.8.7
96 silly idealTree | `-- nan@2.3.5
96 silly idealTree +-- bindings@1.2.1
96 silly idealTree +-- bl@0.9.5
96 silly idealTree +-- brace-expansion@1.1.6
96 silly idealTree +-- braces@1.8.5
96 silly idealTree +-- buffer-shims@1.0.0
96 silly idealTree +-- callback-stream@1.1.0
96 silly idealTree +-- commist@1.0.0
96 silly idealTree +-- concat-map@0.0.1
96 silly idealTree +-- concat-stream@1.5.2
96 silly idealTree | `-- readable-stream@2.0.6
96 silly idealTree +-- core-util-is@1.0.2
96 silly idealTree +-- duplexify@3.4.5
96 silly idealTree | +-- end-of-stream@1.0.0
96 silly idealTree | `-- readable-stream@2.1.5
96 silly idealTree +-- end-of-stream@1.1.0
96 silly idealTree +-- expand-brackets@0.1.5
96 silly idealTree +-- expand-range@1.8.2
96 silly idealTree +-- extend-shallow@2.0.1
96 silly idealTree +-- extend@3.0.0
96 silly idealTree +-- extglob@0.3.2
96 silly idealTree | `-- is-extglob@1.0.0
96 silly idealTree +-- filename-regex@2.0.0
96 silly idealTree +-- fill-range@2.2.3
96 silly idealTree +-- for-in@0.1.5
96 silly idealTree +-- for-own@0.1.4
96 silly idealTree +-- glob-base@0.3.0
96 silly idealTree | +-- glob-parent@2.0.0
96 silly idealTree | +-- is-extglob@1.0.0
96 silly idealTree | `-- is-glob@2.0.1
96 silly idealTree +-- glob-parent@3.0.0
96 silly idealTree +-- glob-stream@5.3.5
96 silly idealTree | `-- through2@0.6.5
96 silly idealTree +-- glob@5.0.15
96 silly idealTree +-- help-me@1.0.1
96 silly idealTree +-- inflight@1.0.5
96 silly idealTree +-- inherits@2.0.3
96 silly idealTree +-- is-buffer@1.1.4
96 silly idealTree +-- is-dotfile@1.0.2
96 silly idealTree +-- is-equal-shallow@0.1.3
96 silly idealTree +-- is-extendable@0.1.1
96 silly idealTree +-- is-extglob@2.0.0
96 silly idealTree +-- is-glob@3.0.0
96 silly idealTree +-- is-number@2.1.0
96 silly idealTree +-- is-posix-bracket@0.1.1
96 silly idealTree +-- is-primitive@2.0.0
96 silly idealTree +-- is-stream@1.1.0
96 silly idealTree +-- isarray@1.0.0
96 silly idealTree +-- isobject@2.1.0
96 silly idealTree +-- json-stable-stringify@1.0.1
96 silly idealTree +-- jsonify@0.0.0
96 silly idealTree +-- kind-of@3.0.4
96 silly idealTree +-- leven@1.0.2
96 silly idealTree +-- meteor-node-stubs@0.2.3
96 silly idealTree | +-- assert@1.3.0
96 silly idealTree | +-- browserify-zlib@0.1.4
96 silly idealTree | | `-- pako@0.2.8
96 silly idealTree | +-- buffer@4.5.1
96 silly idealTree | | +-- base64-js@1.1.2
96 silly idealTree | | +-- ieee754@1.1.6
96 silly idealTree | | `-- isarray@1.0.0
96 silly idealTree | +-- console-browserify@1.1.0
96 silly idealTree | | `-- date-now@0.1.4
96 silly idealTree | +-- constants-browserify@1.0.0
96 silly idealTree | +-- crypto-browserify@3.11.0
96 silly idealTree | | +-- browserify-cipher@1.0.0
96 silly idealTree | | | +-- browserify-aes@1.0.6
96 silly idealTree | | | | +-- buffer-xor@1.0.3
96 silly idealTree | | | | `-- cipher-base@1.0.2
96 silly idealTree | | | +-- browserify-des@1.0.0
96 silly idealTree | | | | +-- cipher-base@1.0.2
96 silly idealTree | | | | `-- des.js@1.0.0
96 silly idealTree | | | |   `-- minimalistic-assert@1.0.0
96 silly idealTree | | | `-- evp_bytestokey@1.0.0
96 silly idealTree | | +-- browserify-sign@4.0.0
96 silly idealTree | | | +-- bn.js@4.11.1
96 silly idealTree | | | +-- browserify-rsa@4.0.1
96 silly idealTree | | | +-- elliptic@6.2.3
96 silly idealTree | | | | +-- brorand@1.0.5
96 silly idealTree | | | | `-- hash.js@1.0.3
96 silly idealTree | | | `-- parse-asn1@5.0.0
96 silly idealTree | | |   +-- asn1.js@4.5.2
96 silly idealTree | | |   | `-- minimalistic-assert@1.0.0
96 silly idealTree | | |   +-- browserify-aes@1.0.6
96 silly idealTree | | |   | +-- buffer-xor@1.0.3
96 silly idealTree | | |   | `-- cipher-base@1.0.2
96 silly idealTree | | |   `-- evp_bytestokey@1.0.0
96 silly idealTree | | +-- create-ecdh@4.0.0
96 silly idealTree | | | +-- bn.js@4.11.1
96 silly idealTree | | | `-- elliptic@6.2.3
96 silly idealTree | | |   +-- brorand@1.0.5
96 silly idealTree | | |   `-- hash.js@1.0.3
96 silly idealTree | | +-- create-hash@1.1.2
96 silly idealTree | | | +-- cipher-base@1.0.2
96 silly idealTree | | | +-- ripemd160@1.0.1
96 silly idealTree | | | `-- sha.js@2.4.5
96 silly idealTree | | +-- create-hmac@1.1.4
96 silly idealTree | | +-- diffie-hellman@5.0.2
96 silly idealTree | | | +-- bn.js@4.11.1
96 silly idealTree | | | `-- miller-rabin@4.0.0
96 silly idealTree | | |   `-- brorand@1.0.5
96 silly idealTree | | +-- inherits@2.0.1
96 silly idealTree | | +-- pbkdf2@3.0.4
96 silly idealTree | | +-- public-encrypt@4.0.0
96 silly idealTree | | | +-- bn.js@4.11.1
96 silly idealTree | | | +-- browserify-rsa@4.0.1
96 silly idealTree | | | `-- parse-asn1@5.0.0
96 silly idealTree | | |   +-- asn1.js@4.5.2
96 silly idealTree | | |   | `-- minimalistic-assert@1.0.0
96 silly idealTree | | |   +-- browserify-aes@1.0.6
96 silly idealTree | | |   | +-- buffer-xor@1.0.3
96 silly idealTree | | |   | `-- cipher-base@1.0.2
96 silly idealTree | | |   `-- evp_bytestokey@1.0.0
96 silly idealTree | | `-- randombytes@2.0.3
96 silly idealTree | +-- domain-browser@1.1.7
96 silly idealTree | +-- events@1.1.0
96 silly idealTree | +-- http-browserify@1.7.0
96 silly idealTree | | +-- Base64@0.2.1
96 silly idealTree | | `-- inherits@2.0.1
96 silly idealTree | +-- https-browserify@0.0.1
96 silly idealTree | +-- os-browserify@0.2.1
96 silly idealTree | +-- path-browserify@0.0.0
96 silly idealTree | +-- process@0.11.2
96 silly idealTree | +-- punycode@1.4.1
96 silly idealTree | +-- querystring-es3@0.2.1
96 silly idealTree | +-- readable-stream@2.0.6
96 silly idealTree | | +-- core-util-is@1.0.2
96 silly idealTree | | +-- inherits@2.0.1
96 silly idealTree | | +-- isarray@1.0.0
96 silly idealTree | | +-- process-nextick-args@1.0.6
96 silly idealTree | | `-- util-deprecate@1.0.2
96 silly idealTree | +-- stream-browserify@2.0.1
96 silly idealTree | | `-- inherits@2.0.1
96 silly idealTree | +-- string_decoder@0.10.31
96 silly idealTree | +-- timers-browserify@1.4.2
96 silly idealTree | +-- tty-browserify@0.0.0
96 silly idealTree | +-- url@0.11.0
96 silly idealTree | | +-- punycode@1.3.2
96 silly idealTree | | `-- querystring@0.2.0
96 silly idealTree | +-- util@0.10.3
96 silly idealTree | | `-- inherits@2.0.1
96 silly idealTree | `-- vm-browserify@0.0.4
96 silly idealTree |   `-- indexof@0.0.1
96 silly idealTree +-- micromatch@2.3.11
96 silly idealTree | +-- is-extglob@1.0.0
96 silly idealTree | `-- is-glob@2.0.1
96 silly idealTree +-- minimatch@3.0.3
96 silly idealTree +-- minimist@1.2.0
96 silly idealTree +-- moment@2.14.1
96 silly idealTree +-- mqtt-connection@2.1.1
96 silly idealTree | `-- through2@0.6.5
96 silly idealTree +-- mqtt-packet@3.4.7
96 silly idealTree +-- mqtt@1.14.1
96 silly idealTree +-- nan@2.4.0
96 silly idealTree +-- normalize-path@2.0.1
96 silly idealTree +-- object.omit@2.0.0
96 silly idealTree +-- once@1.3.3
96 silly idealTree +-- options@0.0.6
96 silly idealTree +-- ordered-read-streams@0.3.0
96 silly idealTree | `-- readable-stream@2.1.5
96 silly idealTree +-- parse-glob@3.0.4
96 silly idealTree | +-- is-extglob@1.0.0
96 silly idealTree | `-- is-glob@2.0.1
96 silly idealTree +-- path-is-absolute@1.0.0
96 silly idealTree +-- preserve@0.2.0
96 silly idealTree +-- process-nextick-args@1.0.7
96 silly idealTree +-- pump@1.0.1
96 silly idealTree +-- randomatic@1.1.5
96 silly idealTree +-- readable-stream@1.0.34
96 silly idealTree | `-- isarray@0.0.1
96 silly idealTree +-- reduplexer@1.1.0
96 silly idealTree +-- regex-cache@0.4.3
96 silly idealTree +-- reinterval@1.1.0
96 silly idealTree +-- repeat-element@1.1.2
96 silly idealTree +-- repeat-string@1.5.4
96 silly idealTree +-- split2@2.1.0
96 silly idealTree +-- stream-shift@1.0.0
96 silly idealTree +-- string_decoder@0.10.31
96 silly idealTree +-- through2-filter@2.0.0
96 silly idealTree +-- through2@2.0.1
96 silly idealTree | `-- readable-stream@2.0.6
96 silly idealTree +-- to-absolute-glob@0.1.1
96 silly idealTree +-- typedarray@0.0.6
96 silly idealTree +-- ultron@1.0.2
96 silly idealTree +-- unique-stream@2.2.1
96 silly idealTree +-- utf-8-validate@1.2.1
96 silly idealTree +-- util-deprecate@1.0.2
96 silly idealTree +-- websocket-stream@3.3.0
96 silly idealTree +-- wrappy@1.0.2
96 silly idealTree +-- ws@1.1.1
96 silly idealTree `-- xtend@4.0.1
97 silly generateActionsToTake Starting
98 silly install generateActionsToTake
99 silly generateActionsToTake Finishing
100 silly diffTrees action count 2
101 silly diffTrees add nan@2.3.5
102 silly diffTrees add bcrypt@0.8.7
103 silly decomposeActions action count 16
104 silly decomposeActions fetch nan@2.3.5
105 silly decomposeActions extract nan@2.3.5
106 silly decomposeActions test nan@2.3.5
107 silly decomposeActions preinstall nan@2.3.5
108 silly decomposeActions build nan@2.3.5
109 silly decomposeActions install nan@2.3.5
110 silly decomposeActions postinstall nan@2.3.5
111 silly decomposeActions finalize nan@2.3.5
112 silly decomposeActions fetch bcrypt@0.8.7
113 silly decomposeActions extract bcrypt@0.8.7
114 silly decomposeActions test bcrypt@0.8.7
115 silly decomposeActions preinstall bcrypt@0.8.7
116 silly decomposeActions build bcrypt@0.8.7
117 silly decomposeActions install bcrypt@0.8.7
118 silly decomposeActions postinstall bcrypt@0.8.7
119 silly decomposeActions finalize bcrypt@0.8.7
120 silly executeActions Starting
121 silly install executeActions
122 silly doSerial global-install 0
123 silly doParallel fetch 2
124 verbose correctMkdir C:\Users\Mariama\AppData\Roaming\npm-cache\_locks correctMkdir not in flight; initializing
125 verbose lock using C:\Users\Mariama\AppData\Roaming\npm-cache\_locks\staging-3aac5d7a5cf156b8.lock for C:\PROJECTS\myAutomation\node_modules\.staging
126 silly doParallel extract 2
127 silly extract nan@2.3.5
128 silly extract bcrypt@0.8.7
129 verbose unbuild node_modules\.staging\nan-e76a850b
130 verbose unbuild node_modules\.staging\bcrypt-ae54cdb5
131 silly gentlyRm C:\PROJECTS\myAutomation\node_modules\.staging\nan-e76a850b is being purged from base C:\PROJECTS\myAutomation
132 verbose gentlyRm don't care about contents; nuking C:\PROJECTS\myAutomation\node_modules\.staging\nan-e76a850b
133 silly gentlyRm C:\PROJECTS\myAutomation\node_modules\.staging\bcrypt-ae54cdb5 is being purged from base C:\PROJECTS\myAutomation
134 verbose gentlyRm don't care about contents; nuking C:\PROJECTS\myAutomation\node_modules\.staging\bcrypt-ae54cdb5
135 verbose tar unpack C:\Users\Mariama\AppData\Roaming\npm-cache\nan\2.3.5\package.tgz
136 verbose tar unpacking to C:\PROJECTS\myAutomation\node_modules\.staging\nan-e76a850b
137 silly gentlyRm C:\PROJECTS\myAutomation\node_modules\.staging\nan-e76a850b is being purged
138 verbose gentlyRm don't care about contents; nuking C:\PROJECTS\myAutomation\node_modules\.staging\nan-e76a850b
139 verbose tar unpack C:\Users\Mariama\AppData\Roaming\npm-cache\bcrypt\0.8.7\package.tgz
140 verbose tar unpacking to C:\PROJECTS\myAutomation\node_modules\.staging\bcrypt-ae54cdb5
141 silly gentlyRm C:\PROJECTS\myAutomation\node_modules\.staging\bcrypt-ae54cdb5 is being purged
142 verbose gentlyRm don't care about contents; nuking C:\PROJECTS\myAutomation\node_modules\.staging\bcrypt-ae54cdb5
143 silly gunzTarPerm modes [ '777', '666' ]
144 silly gunzTarPerm modes [ '777', '666' ]
145 silly gunzTarPerm extractEntry package.json
146 silly gunzTarPerm modified mode [ 'package.json', 436, 438 ]
147 silly gunzTarPerm extractEntry package.json
148 silly gunzTarPerm modified mode [ 'package.json', 420, 438 ]
149 silly gunzTarPerm extractEntry README.md
150 silly gunzTarPerm modified mode [ 'README.md', 436, 438 ]
151 silly gunzTarPerm extractEntry .npmignore
152 silly gunzTarPerm modified mode [ '.npmignore', 420, 438 ]
153 silly gunzTarPerm extractEntry README.md
154 silly gunzTarPerm modified mode [ 'README.md', 420, 438 ]
155 silly gunzTarPerm extractEntry include_dirs.js
156 silly gunzTarPerm modified mode [ 'include_dirs.js', 436, 438 ]
157 silly gunzTarPerm extractEntry nan_converters.h
158 silly gunzTarPerm modified mode [ 'nan_converters.h', 436, 438 ]
159 silly gunzTarPerm extractEntry LICENSE.md
160 silly gunzTarPerm modified mode [ 'LICENSE.md', 436, 438 ]
161 silly gunzTarPerm extractEntry doc/node_misc.md
162 silly gunzTarPerm modified mode [ 'doc/node_misc.md', 436, 438 ]
163 silly gunzTarPerm extractEntry LICENSE
164 silly gunzTarPerm modified mode [ 'LICENSE', 420, 438 ]
165 silly gunzTarPerm extractEntry bcrypt.js
166 silly gunzTarPerm modified mode [ 'bcrypt.js', 420, 438 ]
167 silly gunzTarPerm extractEntry Makefile
168 silly gunzTarPerm modified mode [ 'Makefile', 420, 438 ]
169 silly gunzTarPerm extractEntry .travis.yml
170 silly gunzTarPerm modified mode [ '.travis.yml', 420, 438 ]
171 silly gunzTarPerm extractEntry CHANGELOG.md
172 silly gunzTarPerm modified mode [ 'CHANGELOG.md', 420, 438 ]
173 silly gunzTarPerm extractEntry binding.gyp
174 silly gunzTarPerm modified mode [ 'binding.gyp', 420, 438 ]
175 silly gunzTarPerm extractEntry examples/async_compare.js
176 silly gunzTarPerm modified mode [ 'examples/async_compare.js', 420, 438 ]
177 silly gunzTarPerm extractEntry examples/forever_gen_salt.js
178 silly gunzTarPerm modified mode [ 'examples/forever_gen_salt.js', 420, 438 ]
179 silly gunzTarPerm extractEntry test/async.js
180 silly gunzTarPerm modified mode [ 'test/async.js', 420, 438 ]
181 silly gunzTarPerm extractEntry test/repetitions.js
182 silly gunzTarPerm modified mode [ 'test/repetitions.js', 420, 438 ]
183 silly gunzTarPerm extractEntry test/sync.js
184 silly gunzTarPerm modified mode [ 'test/sync.js', 420, 438 ]
185 silly gunzTarPerm extractEntry ISSUE_TEMPLATE.md
186 silly gunzTarPerm modified mode [ 'ISSUE_TEMPLATE.md', 420, 438 ]
187 silly gunzTarPerm extractEntry src/bcrypt.cc
188 silly gunzTarPerm modified mode [ 'src/bcrypt.cc', 420, 438 ]
189 silly gunzTarPerm extractEntry src/bcrypt_node.cc
190 silly gunzTarPerm modified mode [ 'src/bcrypt_node.cc', 420, 438 ]
191 silly gunzTarPerm extractEntry src/blowfish.cc
192 silly gunzTarPerm modified mode [ 'src/blowfish.cc', 420, 438 ]
193 silly gunzTarPerm extractEntry src/node_blf.h
194 silly gunzTarPerm modified mode [ 'src/node_blf.h', 420, 438 ]
195 silly gunzTarPerm extractEntry werker.yml
196 silly gunzTarPerm modified mode [ 'werker.yml', 420, 438 ]
197 silly gunzTarPerm extractEntry doc/asyncworker.md
198 silly gunzTarPerm modified mode [ 'doc/asyncworker.md', 436, 438 ]
199 silly gunzTarPerm extractEntry doc/callback.md
200 silly gunzTarPerm modified mode [ 'doc/callback.md', 436, 438 ]
201 silly gunzTarPerm extractEntry doc/converters.md
202 silly gunzTarPerm modified mode [ 'doc/converters.md', 436, 438 ]
203 silly gunzTarPerm extractEntry doc/errors.md
204 silly gunzTarPerm modified mode [ 'doc/errors.md', 436, 438 ]
205 silly gunzTarPerm extractEntry doc/maybe_types.md
206 silly gunzTarPerm modified mode [ 'doc/maybe_types.md', 436, 438 ]
207 silly gunzTarPerm extractEntry doc/methods.md
208 silly gunzTarPerm modified mode [ 'doc/methods.md', 436, 438 ]
209 silly gunzTarPerm extractEntry doc/new.md
210 silly gunzTarPerm modified mode [ 'doc/new.md', 436, 438 ]
211 silly gunzTarPerm extractEntry doc/buffers.md
212 silly gunzTarPerm modified mode [ 'doc/buffers.md', 436, 438 ]
213 silly gunzTarPerm extractEntry doc/object_wrappers.md
214 silly gunzTarPerm modified mode [ 'doc/object_wrappers.md', 436, 438 ]
215 silly gunzTarPerm extractEntry doc/persistent.md
216 silly gunzTarPerm modified mode [ 'doc/persistent.md', 436, 438 ]
217 silly gunzTarPerm extractEntry doc/scopes.md
218 silly gunzTarPerm modified mode [ 'doc/scopes.md', 436, 438 ]
219 silly gunzTarPerm extractEntry doc/script.md
220 silly gunzTarPerm modified mode [ 'doc/script.md', 436, 438 ]
221 silly gunzTarPerm extractEntry doc/string_bytes.md
222 silly gunzTarPerm modified mode [ 'doc/string_bytes.md', 436, 438 ]
223 silly gunzTarPerm extractEntry doc/v8_internals.md
224 silly gunzTarPerm modified mode [ 'doc/v8_internals.md', 436, 438 ]
225 silly gunzTarPerm extractEntry doc/v8_misc.md
226 silly gunzTarPerm modified mode [ 'doc/v8_misc.md', 436, 438 ]
227 silly gunzTarPerm extractEntry nan.h
228 silly gunzTarPerm modified mode [ 'nan.h', 436, 438 ]
229 silly gunzTarPerm extractEntry nan_callbacks.h
230 silly gunzTarPerm modified mode [ 'nan_callbacks.h', 436, 438 ]
231 silly gunzTarPerm extractEntry nan_callbacks_12_inl.h
232 silly gunzTarPerm modified mode [ 'nan_callbacks_12_inl.h', 436, 438 ]
233 silly gunzTarPerm extractEntry nan_callbacks_pre_12_inl.h
234 silly gunzTarPerm modified mode [ 'nan_callbacks_pre_12_inl.h', 436, 438 ]
235 silly gunzTarPerm extractEntry nan_converters_43_inl.h
236 silly gunzTarPerm modified mode [ 'nan_converters_43_inl.h', 436, 438 ]
237 silly gunzTarPerm extractEntry nan_converters_pre_43_inl.h
238 silly gunzTarPerm modified mode [ 'nan_converters_pre_43_inl.h', 436, 438 ]
239 silly gunzTarPerm extractEntry nan_implementation_12_inl.h
240 silly gunzTarPerm modified mode [ 'nan_implementation_12_inl.h', 436, 438 ]
241 silly gunzTarPerm extractEntry nan_implementation_pre_12_inl.h
242 silly gunzTarPerm modified mode [ 'nan_implementation_pre_12_inl.h', 436, 438 ]
243 silly gunzTarPerm extractEntry nan_maybe_43_inl.h
244 silly gunzTarPerm modified mode [ 'nan_maybe_43_inl.h', 436, 438 ]
245 silly gunzTarPerm extractEntry nan_maybe_pre_43_inl.h
246 silly gunzTarPerm modified mode [ 'nan_maybe_pre_43_inl.h', 436, 438 ]
247 silly gunzTarPerm extractEntry nan_new.h
248 silly gunzTarPerm modified mode [ 'nan_new.h', 436, 438 ]
249 silly gunzTarPerm extractEntry nan_object_wrap.h
250 silly gunzTarPerm modified mode [ 'nan_object_wrap.h', 436, 438 ]
251 silly gunzTarPerm extractEntry nan_persistent_12_inl.h
252 silly gunzTarPerm modified mode [ 'nan_persistent_12_inl.h', 436, 438 ]
253 silly gunzTarPerm extractEntry nan_persistent_pre_12_inl.h
254 silly gunzTarPerm modified mode [ 'nan_persistent_pre_12_inl.h', 436, 438 ]
255 silly gunzTarPerm extractEntry nan_string_bytes.h
256 silly gunzTarPerm modified mode [ 'nan_string_bytes.h', 436, 438 ]
257 silly gunzTarPerm extractEntry nan_typedarray_contents.h
258 silly gunzTarPerm modified mode [ 'nan_typedarray_contents.h', 436, 438 ]
259 silly gunzTarPerm extractEntry nan_weak.h
260 silly gunzTarPerm modified mode [ 'nan_weak.h', 436, 438 ]
261 silly gunzTarPerm extractEntry CHANGELOG.md
262 silly gunzTarPerm modified mode [ 'CHANGELOG.md', 436, 438 ]
263 silly gunzTarPerm extractEntry tools/package.json
264 silly gunzTarPerm modified mode [ 'tools/package.json', 436, 438 ]
265 silly gunzTarPerm extractEntry tools/README.md
266 silly gunzTarPerm modified mode [ 'tools/README.md', 436, 438 ]
267 silly gunzTarPerm extractEntry tools/1to2.js
268 silly gunzTarPerm modified mode [ 'tools/1to2.js', 509, 511 ]
269 silly gentlyRm C:\PROJECTS\myAutomation\node_modules\.staging\bcrypt-ae54cdb5\node_modules is being purged
270 verbose gentlyRm don't care about contents; nuking C:\PROJECTS\myAutomation\node_modules\.staging\bcrypt-ae54cdb5\node_modules
271 silly gentlyRm C:\PROJECTS\myAutomation\node_modules\.staging\nan-e76a850b\node_modules is being purged
272 verbose gentlyRm don't care about contents; nuking C:\PROJECTS\myAutomation\node_modules\.staging\nan-e76a850b\node_modules
273 silly doParallel preinstall 2
274 silly preinstall nan@2.3.5 C:\PROJECTS\myAutomation\node_modules\.staging\nan-e76a850b
275 info lifecycle nan@2.3.5~preinstall: nan@2.3.5
276 silly preinstall bcrypt@0.8.7 C:\PROJECTS\myAutomation\node_modules\.staging\bcrypt-ae54cdb5
277 info lifecycle bcrypt@0.8.7~preinstall: bcrypt@0.8.7
278 silly lifecycle nan@2.3.5~preinstall: no script for preinstall, continuing
279 silly lifecycle bcrypt@0.8.7~preinstall: no script for preinstall, continuing
280 silly doReverseSerial remove 0
281 silly doSerial move 0
282 silly doSerial finalize 2
283 silly finalize C:\PROJECTS\myAutomation\node_modules\bcrypt\node_modules\nan
284 silly finalize C:\PROJECTS\myAutomation\node_modules\bcrypt
285 silly doSerial build 2
286 silly build nan@2.3.5
287 info linkStuff nan@2.3.5
288 silly linkStuff nan@2.3.5 has C:\PROJECTS\myAutomation\node_modules\bcrypt\node_modules as its parent node_modules
289 verbose linkBins nan@2.3.5
290 verbose linkMans nan@2.3.5
291 silly build bcrypt@0.8.7
292 info linkStuff bcrypt@0.8.7
293 silly linkStuff bcrypt@0.8.7 has C:\PROJECTS\myAutomation\node_modules as its parent node_modules
294 verbose linkBins bcrypt@0.8.7
295 verbose linkMans bcrypt@0.8.7
296 silly doSerial global-link 0
297 silly doParallel update-linked 0
298 silly doSerial install 2
299 silly install nan@2.3.5 C:\PROJECTS\myAutomation\node_modules\.staging\nan-e76a850b
300 info lifecycle nan@2.3.5~install: nan@2.3.5
301 silly lifecycle nan@2.3.5~install: no script for install, continuing
302 silly install bcrypt@0.8.7 C:\PROJECTS\myAutomation\node_modules\.staging\bcrypt-ae54cdb5
303 info lifecycle bcrypt@0.8.7~install: bcrypt@0.8.7
304 verbose lifecycle bcrypt@0.8.7~install: unsafe-perm in lifecycle true
305 verbose lifecycle bcrypt@0.8.7~install: PATH: C:\Users\Mariama\AppData\Local\.meteor\packages\meteor-tool\1.4.1_1\mt-os.windows.x86_32\dev_bundle\lib\node_modules\npm\bin\node-gyp-bin;C:\PROJECTS\myAutomation\node_modules\bcrypt\node_modules\.bin;C:\PROJECTS\myAutomation\node_modules\.bin;C:\Users\Mariama\AppData\Local\.meteor\packages\meteor-tool\1.4.1_1\mt-os.windows.x86_32\dev_bundle\bin;C:\Users\Mariama\AppData\Local\.meteor\packages\meteor-tool\1.4.1_1\mt-os.windows.x86_32\dev_bundle\lib\node_modules\.bin;C:\Users\Mariama\.atom\packages\platformio-ide\penv\Scripts;C:\Program Files (x86)\AMD APP\bin\x86_64;C:\Program Files (x86)\AMD APP\bin\x86;C:\Program Files (x86)\Intel\iCLS Client\;C:\Program Files\Intel\iCLS Client\;C:\Program Files\Common Files\Microsoft Shared\Windows Live;C:\Program Files (x86)\Common Files\Microsoft Shared\Windows Live;C:\Program Files (x86)\Rockwell Software\RSCommon;C:\Windows\system32;C:\Windows;C:\Windows\System32\Wbem;C:\Windows\System32\WindowsPowerShell\v1.0\;C:\Program Files (x86)\Windows Live\Shared;c:\Program Files\WIDCOMM\Bluetooth Software\;c:\Program Files\WIDCOMM\Bluetooth Software\syswow64;C:\Program Files (x86)\QuickTime\QTSystem\;C:\Program Files\Intel\Intel(R) Management Engine Components\DAL;C:\Program Files\Intel\Intel(R) Management Engine Components\IPT;C:\Program Files (x86)\Intel\Intel(R) Management Engine Components\DAL;C:\Program Files (x86)\Intel\Intel(R) Management Engine Components\IPT;C:\Program Files (x86)\ATI Technologies\ATI.ACE\Core-Static;C:\ProgramData\chocolatey\bin;C:\Program Files\Git\cmd;C:\tools\python2;C:\Program Files\MiKTeX 2.9\miktex\bin\x64\;C:\Program Files\nodejs\;C:\Program Files (x86)\Skype\Phone\;C:\Program Files (x86)\Heroku\bin;C:\Program Files (x86)\git\cmd;C:\Program Files (x86)\Git\cmd;C:\Users\Mariama\AppData\Roaming\npm;C:\Users\Mariama\AppData\Local\Android\android-sdk\platform-tools;C:\Users\Mariama\AppData\Local\Android\android-sdk\tools;C:\Users\Mariama\AppData\Local\.meteor\;C:\Users\Mariama\AppData\Local\atom\bin;C:\Program Files (x86)\AMD APP\bin\x86_64;C:\Program Files (x86)\AMD APP\bin\x86;C:\Program Files (x86)\Intel\iCLS Client\;C:\Program Files\Intel\iCLS Client\;C:\Program Files\Common Files\Microsoft Shared\Windows Live;C:\Program Files (x86)\Common Files\Microsoft Shared\Windows Live;C:\Program Files (x86)\Rockwell Software\RSCommon;C:\Windows\system32;C:\Windows;C:\Windows\System32\Wbem;C:\Windows\System32\WindowsPowerShell\v1.0\;C:\Program Files (x86)\Windows Live\Shared;c:\Program Files\WIDCOMM\Bluetooth Software\;c:\Program Files\WIDCOMM\Bluetooth Software\syswow64;C:\Program Files (x86)\QuickTime\QTSystem\;C:\Program Files\Intel\Intel(R) Management Engine Components\DAL;C:\Program Files\Intel\Intel(R) Management Engine Components\IPT;C:\Program Files (x86)\Intel\Intel(R) Management Engine Components\DAL;C:\Program Files (x86)\Intel\Intel(R) Management Engine Components\IPT;C:\Program Files (x86)\ATI Technologies\ATI.ACE\Core-Static;C:\ProgramData\chocolatey\bin;C:\Program Files\Git\cmd;C:\tools\python2;C:\Program Files\MiKTeX 2.9\miktex\bin\x64\;C:\Program Files\nodejs\;C:\Program Files (x86)\Skype\Phone\;C:\Program Files (x86)\Heroku\bin;C:\Program Files (x86)\git\cmd;C:\Program Files (x86)\Git\cmd;C:\Users\Mariama\AppData\Roaming\npm;C:\Users\Mariama\AppData\Local\Android\android-sdk\platform-tools;C:\Users\Mariama\AppData\Local\Android\android-sdk\tools;C:\Users\Mariama\AppData\Local\.meteor\;C:\Users\Mariama\AppData\Local\atom\bin
306 verbose lifecycle bcrypt@0.8.7~install: CWD: C:\PROJECTS\myAutomation\node_modules\bcrypt
307 silly lifecycle bcrypt@0.8.7~install: Args: [ '/d /s /c', 'node-gyp rebuild' ]
308 silly lifecycle bcrypt@0.8.7~install: Returned: code: 1  signal: null
309 info lifecycle bcrypt@0.8.7~install: Failed to exec install script
310 verbose unlock done using C:\Users\Mariama\AppData\Roaming\npm-cache\_locks\staging-3aac5d7a5cf156b8.lock for C:\PROJECTS\myAutomation\node_modules\.staging
311 silly rollbackFailedOptional Starting
312 silly rollbackFailedOptional Finishing
313 silly runTopLevelLifecycles Starting
314 silly runTopLevelLifecycles Finishing
315 silly install printInstalled
316 verbose stack Error: bcrypt@0.8.7 install: `node-gyp rebuild`
316 verbose stack Exit status 1
316 verbose stack     at EventEmitter.<anonymous> (C:\Users\Mariama\AppData\Local\.meteor\packages\meteor-tool\1.4.1_1\mt-os.windows.x86_32\dev_bundle\lib\node_modules\npm\lib\utils\lifecycle.js:255:16)
316 verbose stack     at emitTwo (events.js:87:13)
316 verbose stack     at EventEmitter.emit (events.js:172:7)
316 verbose stack     at ChildProcess.<anonymous> (C:\Users\Mariama\AppData\Local\.meteor\packages\meteor-tool\1.4.1_1\mt-os.windows.x86_32\dev_bundle\lib\node_modules\npm\lib\utils\spawn.js:40:14)
316 verbose stack     at emitTwo (events.js:87:13)
316 verbose stack     at ChildProcess.emit (events.js:172:7)
316 verbose stack     at maybeClose (internal/child_process.js:829:16)
316 verbose stack     at Process.ChildProcess._handle.onexit (internal/child_process.js:211:5)
317 verbose pkgid bcrypt@0.8.7
318 verbose cwd C:\PROJECTS\myAutomation
319 error Windows_NT 6.1.7601
320 error argv "C:\\Users\\Mariama\\AppData\\Local\\.meteor\\packages\\meteor-tool\\1.4.1_1\\mt-os.windows.x86_32\\dev_bundle\\bin\\node.exe" "C:\\Users\\Mariama\\AppData\\Local\\.meteor\\packages\\meteor-tool\\1.4.1_1\\mt-os.windows.x86_32\\dev_bundle\\lib\\node_modules\\npm\\bin\\npm-cli.js" "install" "--save" "bcrypt"
321 error node v4.5.0
322 error npm  v3.10.6
323 error code ELIFECYCLE
324 error bcrypt@0.8.7 install: `node-gyp rebuild`
324 error Exit status 1
325 error Failed at the bcrypt@0.8.7 install script 'node-gyp rebuild'.
325 error Make sure you have the latest version of node.js and npm installed.
325 error If you do, this is most likely a problem with the bcrypt package,
325 error not with npm itself.
325 error Tell the author that this fails on your system:
325 error     node-gyp rebuild
325 error You can get information on how to open an issue for this project with:
325 error     npm bugs bcrypt
325 error Or if that isn't available, you can get their info via:
325 error     npm owner ls bcrypt
325 error There is likely additional logging output above.
326 verbose exit [ 1, true ]
